[    0.000000] Initializing cgroup subsys cpuset
[    0.000000] Initializing cgroup subsys cpu
[    0.000000] Initializing cgroup subsys cpuacct
[    0.000000] Linux version 4.4.0-179-generic (buildd@lcy01-amd64-014) (gcc version 5.4.0 20160609 (Ubuntu 5.4.0-6ubuntu1~16.04.12) ) #209-Ubuntu SMP Fri Apr 24 17:48:44 UTC 2020 (Ubuntu 4.4.0-179.209-generic 4.4.219)
[    0.000000] Command line: BOOT_IMAGE=/boot/vmlinuz-4.4.0-179-generic root=LABEL=cloudimg-rootfs ro console=tty1 console=ttyS0
[    0.000000] KERNEL supported cpus:
[    0.000000]   Intel GenuineIntel
[    0.000000]   AMD AuthenticAMD
[    0.000000]   Centaur CentaurHauls
[    0.000000] x86/fpu: Legacy x87 FPU detected.
[    0.000000] e820: BIOS-provided physical RAM map:
[    0.000000] BIOS-e820: [mem 0x0000000000000000-0x000000000009fbff] usable
[    0.000000] BIOS-e820: [mem 0x000000000009fc00-0x000000000009ffff] reserved
[    0.000000] BIOS-e820: [mem 0x00000000000f0000-0x00000000000fffff] reserved
[    0.000000] BIOS-e820: [mem 0x0000000000100000-0x000000007ffeffff] usable
[    0.000000] BIOS-e820: [mem 0x000000007fff0000-0x000000007fffffff] ACPI data
[    0.000000] BIOS-e820: [mem 0x00000000fec00000-0x00000000fec00fff] reserved
[    0.000000] BIOS-e820: [mem 0x00000000fee00000-0x00000000fee00fff] reserved
[    0.000000] BIOS-e820: [mem 0x00000000fffc0000-0x00000000ffffffff] reserved
[    0.000000] NX (Execute Disable) protection: active
[    0.000000] SMBIOS 2.5 present.
[    0.000000] Hypervisor detected: KVM
[    0.000000] e820: last_pfn = 0x7fff0 max_arch_pfn = 0x400000000
[    0.000000] MTRR: Disabled
[    0.000000] x86/PAT: MTRRs disabled, skipping PAT initialization too.
[    0.000000] CPU MTRRs all blank - virtualized system.
[    0.000000] x86/PAT: Configuration [0-7]: WB  WT  UC- UC  WB  WT  UC- UC  
[    0.000000] found SMP MP-table at [mem 0x0009fff0-0x0009ffff] mapped at [ffff88000009fff0]
[    0.000000] Scanning 1 areas for low memory corruption
[    0.000000] RAMDISK: [mem 0x362e2000-0x37168fff]
[    0.000000] ACPI: Early table checksum verification disabled
[    0.000000] ACPI: RSDP 0x00000000000E0000 000024 (v02 VBOX  )
[    0.000000] ACPI: XSDT 0x000000007FFF0030 00003C (v01 VBOX   VBOXXSDT 00000001 ASL  00000061)
[    0.000000] ACPI: FACP 0x000000007FFF00F0 0000F4 (v04 VBOX   VBOXFACP 00000001 ASL  00000061)
[    0.000000] ACPI: DSDT 0x000000007FFF0470 002325 (v02 VBOX   VBOXBIOS 00000002 INTL 20100528)
[    0.000000] ACPI: FACS 0x000000007FFF0200 000040
[    0.000000] ACPI: FACS 0x000000007FFF0200 000040
[    0.000000] ACPI: APIC 0x000000007FFF0240 00005C (v02 VBOX   VBOXAPIC 00000001 ASL  00000061)
[    0.000000] ACPI: SSDT 0x000000007FFF02A0 0001CC (v01 VBOX   VBOXCPUT 00000002 INTL 20100528)
[    0.000000] No NUMA configuration found
[    0.000000] Faking a node at [mem 0x0000000000000000-0x000000007ffeffff]
[    0.000000] NODE_DATA(0) allocated [mem 0x7ffeb000-0x7ffeffff]
[    0.000000] kvm-clock: Using msrs 4b564d01 and 4b564d00
[    0.000000] kvm-clock: cpu 0, msr 0:7ffe3001, primary cpu clock
[    0.000000] kvm-clock: using sched offset of 4811259905 cycles
[    0.000000] clocksource: kvm-clock: mask: 0xffffffffffffffff max_cycles: 0x1cd42e4dffb, max_idle_ns: 881590591483 ns
[    0.000000] Zone ranges:
[    0.000000]   DMA      [mem 0x0000000000001000-0x0000000000ffffff]
[    0.000000]   DMA32    [mem 0x0000000001000000-0x000000007ffeffff]
[    0.000000]   Normal   empty
[    0.000000]   Device   empty
[    0.000000] Movable zone start for each node
[    0.000000] Early memory node ranges
[    0.000000]   node   0: [mem 0x0000000000001000-0x000000000009efff]
[    0.000000]   node   0: [mem 0x0000000000100000-0x000000007ffeffff]
[    0.000000] Initmem setup node 0 [mem 0x0000000000001000-0x000000007ffeffff]
[    0.000000] ACPI: PM-Timer IO Port: 0x4008
[    0.000000] IOAPIC[0]: apic_id 2, version 32, address 0xfec00000, GSI 0-23
[    0.000000] ACPI: INT_SRC_OVR (bus 0 bus_irq 0 global_irq 2 dfl dfl)
[    0.000000] ACPI: INT_SRC_OVR (bus 0 bus_irq 9 global_irq 9 low level)
[    0.000000] Using ACPI (MADT) for SMP configuration information
[    0.000000] smpboot: Allowing 2 CPUs, 0 hotplug CPUs
[    0.000000] PM: Registered nosave memory: [mem 0x00000000-0x00000fff]
[    0.000000] PM: Registered nosave memory: [mem 0x0009f000-0x0009ffff]
[    0.000000] PM: Registered nosave memory: [mem 0x000a0000-0x000effff]
[    0.000000] PM: Registered nosave memory: [mem 0x000f0000-0x000fffff]
[    0.000000] e820: [mem 0x80000000-0xfebfffff] available for PCI devices
[    0.000000] Booting paravirtualized kernel on KVM
[    0.000000] clocksource: refined-jiffies: mask: 0xffffffff max_cycles: 0xffffffff, max_idle_ns: 7645519600211568 ns
[    0.000000] setup_percpu: NR_CPUS:512 nr_cpumask_bits:512 nr_cpu_ids:2 nr_node_ids:1
[    0.000000] PERCPU: Embedded 33 pages/cpu @ffff88007fc00000 s95448 r8192 d31528 u1048576
[    0.000000] Built 1 zonelists in Node order, mobility grouping on.  Total pages: 515960
[    0.000000] Policy zone: DMA32
[    0.000000] Kernel command line: BOOT_IMAGE=/boot/vmlinuz-4.4.0-179-generic root=LABEL=cloudimg-rootfs ro console=tty1 console=ttyS0
[    0.000000] PID hash table entries: 4096 (order: 3, 32768 bytes)
[    0.000000] Memory: 2029868K/2096696K available (8630K kernel code, 1336K rwdata, 4036K rodata, 1488K init, 1292K bss, 66828K reserved, 0K cma-reserved)
[    0.000000] SLUB: HWalign=64, Order=0-3, MinObjects=0, CPUs=2, Nodes=1
[    0.000000] Kernel/User page tables isolation: enabled
[    0.000000] Hierarchical RCU implementation.
[    0.000000] 	Build-time adjustment of leaf fanout to 64.
[    0.000000] 	RCU restricting CPUs from NR_CPUS=512 to nr_cpu_ids=2.
[    0.000000] RCU: Adjusting geometry for rcu_fanout_leaf=64, nr_cpu_ids=2
[    0.000000] NR_IRQS:33024 nr_irqs:440 16
[    0.000000] Console: colour VGA+ 80x25
[    0.000000] console [tty1] enabled
[    0.000000] console [ttyS0] enabled
[    0.000000] tsc: Detected 2903.998 MHz processor
[    1.029688] Calibrating delay loop (skipped) preset value.. 5807.99 BogoMIPS (lpj=11615992)
[    1.038092] pid_max: default: 32768 minimum: 301
[    1.044439] ACPI: Core revision 20150930
[    1.048753] ACPI: 2 ACPI AML tables successfully acquired and loaded
[    1.054985] Security Framework initialized
[    1.058015] Yama: becoming mindful.
[    1.061824] AppArmor: AppArmor initialized
[    1.066489] Dentry cache hash table entries: 262144 (order: 9, 2097152 bytes)
[    1.093734] Inode-cache hash table entries: 131072 (order: 8, 1048576 bytes)
[    1.107588] Mount-cache hash table entries: 4096 (order: 3, 32768 bytes)
[    1.112449] Mountpoint-cache hash table entries: 4096 (order: 3, 32768 bytes)
[    1.121454] Initializing cgroup subsys io
[    1.124876] Initializing cgroup subsys memory
[    1.128357] Initializing cgroup subsys devices
[    1.133641] Initializing cgroup subsys freezer
[    1.137479] Initializing cgroup subsys net_cls
[    1.142087] Initializing cgroup subsys perf_event
[    1.146867] Initializing cgroup subsys net_prio
[    1.155902] Initializing cgroup subsys hugetlb
[    1.160850] Initializing cgroup subsys pids
[    1.167279] mce: CPU supports 0 MCE banks
[    1.171847] Last level iTLB entries: 4KB 64, 2MB 8, 4MB 8
[    1.177990] Last level dTLB entries: 4KB 64, 2MB 0, 4MB 0, 1GB 4
[    1.185281] Spectre V1 : Mitigation: usercopy/swapgs barriers and __user pointer sanitization
[    1.194520] Spectre V2 : Mitigation: Full generic retpoline
[    1.201253] Spectre V2 : Spectre v2 / SpectreRSB mitigation: Filling RSB on context switch
[    1.213722] Speculative Store Bypass: Vulnerable
[    1.219106] MDS: Vulnerable: Clear CPU buffers attempted, no microcode
[    1.264688] Freeing SMP alternatives memory: 36K
[    1.336375] ftrace: allocating 32313 entries in 127 pages
[    2.170249] smpboot: APIC(0) Converting physical 0 to logical package 0
[    2.177220] smpboot: Max logical packages: 1
[    2.196612] ..TIMER: vector=0x30 apic1=0 pin1=2 apic2=-1 pin2=-1
[    2.311785] smpboot: CPU0: Intel(R) Core(TM) i7-7500U CPU @ 2.70GHz (family: 0x6, model: 0x8e, stepping: 0x9)
[    2.323999] Performance Events: unsupported p6 CPU model 142 no PMU driver, software events only.
[    2.394203] KVM setup paravirtual spinlock
[    2.401367] x86: Booting SMP configuration:
[    2.405819] .... node  #0, CPUs:      #1
[    2.411778] kvm-clock: cpu 1, msr 0:7ffe3041, secondary cpu clock
[    2.415453] mce: CPU supports 0 MCE banks
[    2.418737] TSC synchronization [CPU#0 -> CPU#1]:
[    2.423921] Measured 76775 cycles TSC warp between CPUs, turning off TSC clock.
[    2.429946] tsc: Marking TSC unstable due to check_tsc_sync_source failed
[    0.538549] x86: Booted up 1 node, 2 CPUs
[    0.540012] smpboot: Total of 2 processors activated (11615.99 BogoMIPS)
[    0.549071] devtmpfs: initialized
[    0.556421] evm: security.selinux
[    0.559533] evm: security.SMACK64
[    0.560003] evm: security.SMACK64EXEC
[    0.564004] evm: security.SMACK64TRANSMUTE
[    0.568003] evm: security.SMACK64MMAP
[    0.570830] evm: security.ima
[    0.572002] evm: security.capability
[    0.576467] clocksource: jiffies: mask: 0xffffffff max_cycles: 0xffffffff, max_idle_ns: 7645041785100000 ns
[    0.580019] futex hash table entries: 512 (order: 3, 32768 bytes)
[    0.584618] pinctrl core: initialized pinctrl subsystem
[    0.588273] RTC time:  8:39:54, date: 07/05/20
[    0.593006] NET: Registered protocol family 16
[    0.608020] cpuidle: using governor ladder
[    0.620023] cpuidle: using governor menu
[    0.624010] PCCT header not found.
[    0.628066] ACPI: bus type PCI registered
[    0.632007] acpiphp: ACPI Hot Plug PCI Controller Driver version: 0.5
[    0.636493] PCI: Using configuration type 1 for base access
[    0.668324] ACPI: Added _OSI(Module Device)
[    0.672007] ACPI: Added _OSI(Processor Device)
[    0.676025] ACPI: Added _OSI(3.0 _SCP Extensions)
[    0.680006] ACPI: Added _OSI(Processor Aggregator Device)
[    0.685533] ACPI: Executed 1 blocks of module-level executable AML code
[    0.703453] ACPI: Interpreter enabled
[    0.704024] ACPI: (supports S0 S5)
[    0.708006] ACPI: Using IOAPIC for interrupt routing
[    0.712518] PCI: Using host bridge windows from ACPI; if necessary, use "pci=nocrs" and report a bug
[    0.729025] ACPI: PCI Root Bridge [PCI0] (domain 0000 [bus 00-ff])
[    0.732032] acpi PNP0A03:00: _OSC: OS supports [ASPM ClockPM Segments MSI]
[    0.740780] acpi PNP0A03:00: _OSC: not requesting OS control; OS requires [ExtendedConfig ASPM ClockPM MSI]
[    0.744032] acpi PNP0A03:00: fail to add MMCONFIG information, can't access extended PCI configuration space under this bridge.
[    0.752134] PCI host bridge to bus 0000:00
[    0.756007] pci_bus 0000:00: root bus resource [io  0x0000-0x0cf7 window]
[    0.760010] pci_bus 0000:00: root bus resource [io  0x0d00-0xffff window]
[    0.764012] pci_bus 0000:00: root bus resource [mem 0x000a0000-0x000bffff window]
[    0.768008] pci_bus 0000:00: root bus resource [mem 0x80000000-0xfdffffff window]
[    0.772008] pci_bus 0000:00: root bus resource [bus 00-ff]
[    0.781992] pci 0000:00:01.1: legacy IDE quirk: reg 0x10: [io  0x01f0-0x01f7]
[    0.784016] pci 0000:00:01.1: legacy IDE quirk: reg 0x14: [io  0x03f6]
[    0.788007] pci 0000:00:01.1: legacy IDE quirk: reg 0x18: [io  0x0170-0x0177]
[    0.792015] pci 0000:00:01.1: legacy IDE quirk: reg 0x1c: [io  0x0376]
[    0.858626] pci 0000:00:07.0: quirk: [io  0x4000-0x403f] claimed by PIIX4 ACPI
[    0.860028] pci 0000:00:07.0: quirk: [io  0x4100-0x410f] claimed by PIIX4 SMB
[    0.873937] ACPI: PCI Interrupt Link [LNKA] (IRQs 5 9 10 *11)
[    0.880662] ACPI: PCI Interrupt Link [LNKB] (IRQs 5 9 *10 11)
[    0.889961] ACPI: PCI Interrupt Link [LNKC] (IRQs 5 *9 10 11)
[    0.900550] ACPI: PCI Interrupt Link [LNKD] (IRQs 5 9 10 *11)
[    0.912266] ACPI: Enabled 2 GPEs in block 00 to 07
[    0.916381] vgaarb: setting as boot device: PCI:0000:00:02.0
[    0.920000] vgaarb: device added: PCI:0000:00:02.0,decodes=io+mem,owns=io+mem,locks=none
[    0.920007] vgaarb: loaded
[    0.924003] vgaarb: bridge control possible 0000:00:02.0
[    0.932477] SCSI subsystem initialized
[    0.940386] ACPI: bus type USB registered
[    0.944031] usbcore: registered new interface driver usbfs
[    0.948027] usbcore: registered new interface driver hub
[    0.952241] usbcore: registered new device driver usb
[    0.964541] PCI: Using ACPI for IRQ routing
[    0.968714] NetLabel: Initializing
[    0.972006] NetLabel:  domain hash size = 128
[    0.976011] NetLabel:  protocols = UNLABELED CIPSOv4
[    0.980023] NetLabel:  unlabeled traffic allowed by default
[    0.984241] amd_nb: Cannot enumerate AMD northbridges
[    0.988391] clocksource: Switched to clocksource kvm-clock
[    1.067848] AppArmor: AppArmor Filesystem Enabled
[    1.068901] pnp: PnP ACPI init
[    1.068901] pnp: PnP ACPI: found 3 devices
[    1.173332] clocksource: acpi_pm: mask: 0xffffff max_cycles: 0xffffff, max_idle_ns: 2085701024 ns
[    1.176365] NET: Registered protocol family 2
[    1.190685] TCP established hash table entries: 16384 (order: 5, 131072 bytes)
[    1.208280] TCP bind hash table entries: 16384 (order: 6, 262144 bytes)
[    1.208280] TCP: Hash tables configured (established 16384 bind 16384)
[    1.208280] UDP hash table entries: 1024 (order: 3, 32768 bytes)
[    1.208280] UDP-Lite hash table entries: 1024 (order: 3, 32768 bytes)
[    1.208280] NET: Registered protocol family 1
[    1.208280] pci 0000:00:00.0: Limiting direct PCI/PCI transfers
[    1.208280] pci 0000:00:01.0: Activating ISA DMA hang workarounds
[    1.208280] Unpacking initramfs...
[    1.799418] Freeing initrd memory: 14876K
[    1.799418] clocksource: tsc: mask: 0xffffffffffffffff max_cycles: 0x29dc03c1beb, max_idle_ns: 440795205215 ns
[    1.799418] platform rtc_cmos: registered platform RTC device (no PNP device found)
[    1.799418] Scanning for low memory corruption every 60 seconds
[    1.941594] audit: initializing netlink subsys (disabled)
[    1.947876] audit: type=2000 audit(1593938401.085:1): initialized
[    1.956356] Initialise system trusted keyring
[    1.968198] HugeTLB registered 2 MB page size, pre-allocated 0 pages
[    1.977901] zbud: loaded
[    1.981970] VFS: Disk quotas dquot_6.6.0
[    1.986313] VFS: Dquot-cache hash table entries: 512 (order 0, 4096 bytes)
[    1.990086] squashfs: version 4.0 (2009/01/31) Phillip Lougher
[    2.002526] fuse init (API version 7.23)
[    2.007197] Key type big_key registered
[    2.014766] Allocating IMA MOK and blacklist keyrings.
[    2.054664] Key type asymmetric registered
[    2.059070] Asymmetric key parser 'x509' registered
[    2.069038] Block layer SCSI generic (bsg) driver version 0.4 loaded (major 249)
[    2.081108] io scheduler noop registered
[    2.085636] io scheduler deadline registered (default)
[    2.091999] io scheduler cfq registered
[    2.095845] pci_hotplug: PCI Hot Plug PCI Core version: 0.5
[    2.095845] pciehp: PCI Express Hot Plug Controller Driver version: 0.4
[    2.095845] ACPI: AC Adapter [AC] (off-line)
[    2.095845] input: Power Button as /devices/LNXSYSTM:00/LNXPWRBN:00/input/input0
[    2.095845] ACPI: Power Button [PWRF]
[    2.095845] input: Sleep Button as /devices/LNXSYSTM:00/LNXSLPBN:00/input/input1
[    2.095845] ACPI: Sleep Button [SLPF]
[    2.134622] GHES: HEST is not enabled!
[    2.137946] ACPI: Battery Slot [BAT0] (battery present)
[    2.146681] Serial: 8250/16550 driver, 32 ports, IRQ sharing enabled
[    2.180999] 00:02: ttyS0 at I/O 0x3f8 (irq = 4, base_baud = 115200) is a 16550A
[    2.217981] Linux agpgart interface v0.103
[    2.243436] loop: module loaded
[    2.252830] scsi host0: ata_piix
[    2.257405] scsi host1: ata_piix
[    2.260811] ata1: PATA max UDMA/33 cmd 0x1f0 ctl 0x3f6 bmdma 0xd000 irq 14
[    2.261314] ata2: PATA max UDMA/33 cmd 0x170 ctl 0x376 bmdma 0xd008 irq 15
[    2.272505] libphy: Fixed MDIO Bus: probed
[    2.276995] tun: Universal TUN/TAP device driver, 1.6
[    2.281882] tun: (C) 1999-2004 Max Krasnyansky <maxk@qualcomm.com>
[    2.288679] PPP generic driver version 2.4.2
[    2.294661] ehci_hcd: USB 2.0 'Enhanced' Host Controller (EHCI) Driver
[    2.301696] ehci-pci: EHCI PCI platform driver
[    2.306214] ehci-platform: EHCI generic platform driver
[    2.311532] ohci_hcd: USB 1.1 'Open' Host Controller (OHCI) Driver
[    2.317254] ohci-pci: OHCI PCI platform driver
[    2.320906] ohci-platform: OHCI generic platform driver
[    2.329745] uhci_hcd: USB Universal Host Controller Interface driver
[    2.337687] i8042: PNP: PS/2 Controller [PNP0303:PS2K,PNP0f03:PS2M] at 0x60,0x64 irq 1,12
[    2.362113] serio: i8042 KBD port at 0x60,0x64 irq 1
[    2.376334] serio: i8042 AUX port at 0x60,0x64 irq 12
[    2.383153] mousedev: PS/2 mouse device common for all mice
[    2.392482] input: AT Translated Set 2 keyboard as /devices/platform/i8042/serio0/input/input2
[    2.401739] rtc_cmos rtc_cmos: rtc core: registered rtc_cmos as rtc0
[    2.411052] rtc_cmos rtc_cmos: alarms up to one day, 114 bytes nvram
[    2.418281] i2c /dev entries driver
[    2.423040] device-mapper: uevent: version 1.0.3
[    2.427747] device-mapper: ioctl: 4.34.0-ioctl (2015-10-28) initialised: dm-devel@redhat.com
[    2.435982] ledtrig-cpu: registered to indicate activity on CPUs
[    2.485717] NET: Registered protocol family 10
[    2.492543] NET: Registered protocol family 17
[    2.497916] Key type dns_resolver registered
[    2.507146] registered taskstats version 1
[    2.515212] Loading compiled-in X.509 certificates
[    2.523724] Loaded X.509 cert 'Build time autogenerated kernel key: a9e5689415cbbea5b40a198600f217117afda70c'
[    2.535719] zswap: loaded using pool lzo/zbud
[    2.550816] Key type trusted registered
[    2.571683] Key type encrypted registered
[    2.582706] AppArmor: AppArmor sha1 policy hashing enabled
[    2.590690] ima: No TPM chip found, activating TPM-bypass!
[    2.597843] ima: Allocated hash algorithm: sha1
[    2.607132] evm: HMAC attrs: 0x1
[    2.613155]   Magic number: 12:360:674
[    2.618008] rtc_cmos rtc_cmos: setting system clock to 2020-07-05 08:39:56 UTC (1593938396)
[    2.631823] BIOS EDD facility v0.16 2004-Jun-25, 0 devices found
[    2.639396] EDD information not available.
[    2.649397] Freeing unused kernel memory: 1488K
[    2.672247] Write protecting the kernel read-only data: 14336k
[    2.682059] Freeing unused kernel memory: 1600K
[    2.688798] Freeing unused kernel memory: 60K
Loading, please wait...
starting version 229
[    2.749102] random: systemd-udevd: uninitialized urandom read (16 bytes read, 5 bits of entropy available)
[    2.749384] random: udevadm: uninitialized urandom read (16 bytes read, 5 bits of entropy available)
[    2.749429] random: udevadm: uninitialized urandom read (16 bytes read, 5 bits of entropy available)
[    2.772734] random: udevadm: uninitialized urandom read (16 bytes read, 5 bits of entropy available)
[    2.772795] random: udevadm: uninitialized urandom read (16 bytes read, 5 bits of entropy available)
[    2.773036] random: udevadm: uninitialized urandom read (16 bytes read, 5 bits of entropy available)
[    2.773091] random: udevadm: uninitialized urandom read (16 bytes read, 5 bits of entropy available)
[    2.773141] random: udevadm: uninitialized urandom read (16 bytes read, 5 bits of entropy available)
[    2.773259] random: udevadm: uninitialized urandom read (16 bytes read, 5 bits of entropy available)
[    2.773354] random: udevadm: uninitialized urandom read (16 bytes read, 5 bits of entropy available)
[    3.010994] Fusion MPT base driver 3.04.20
[    3.015422] Copyright (c) 1999-2008 LSI Corporation
[    3.022302] e1000: Intel(R) PRO/1000 Network Driver - version 7.3.21-k8-NAPI
[    3.025100] e1000: Copyright (c) 1999-2006 Intel Corporation.
[    3.063880] Fusion MPT SPI Host driver 3.04.20
[    3.305061] input: ImExPS/2 Generic Explorer Mouse as /devices/platform/i8042/serio1/input/input4
[    3.987773] e1000 0000:00:03.0 eth0: (PCI:33MHz:32-bit) 02:7c:66:aa:a6:59
[    3.997848] e1000 0000:00:03.0 eth0: Intel(R) PRO/1000 Network Connection
[    4.010890] mptbase: ioc0: Initiating bringup
[    4.019511] e1000 0000:00:03.0 enp0s3: renamed from eth0
[    4.103286] ioc0: LSI53C1030 A0: Capabilities={Initiator}
[    4.850417] scsi host2: ioc0: LSI53C1030 A0, FwRev=00000000h, Ports=1, MaxQ=256, IRQ=20
[    5.103088] scsi 2:0:0:0: Direct-Access     VBOX     HARDDISK         1.0  PQ: 0 ANSI: 5
[    5.115159] scsi target2:0:0: Beginning Domain Validation
[    5.128770] scsi target2:0:0: Domain Validation skipping write tests
[    5.135829] scsi target2:0:0: Ending Domain Validation
[    5.148398] scsi target2:0:0: asynchronous
[    5.163248] scsi 2:0:1:0: Direct-Access     VBOX     HARDDISK         1.0  PQ: 0 ANSI: 5
[    5.177043] scsi target2:0:1: Beginning Domain Validation
[    5.196901] scsi target2:0:1: Domain Validation skipping write tests
[    5.203005] scsi target2:0:1: Ending Domain Validation
[    5.211426] scsi target2:0:1: asynchronous
[    5.268544] sd 2:0:0:0: [sda] 20971520 512-byte logical blocks: (10.7 GB/10.0 GiB)
[    5.280116] sd 2:0:0:0: Attached scsi generic sg0 type 0
[    5.287465] sd 2:0:0:0: [sda] Write Protect is off
[    5.295698] sd 2:0:1:0: Attached scsi generic sg1 type 0
[    5.325226] sd 2:0:1:0: [sdb] 20480 512-byte logical blocks: (10.5 MB/10.0 MiB)
[    5.330770] sd 2:0:0:0: [sda] Incomplete mode parameter data
[    5.334924] sd 2:0:0:0: [sda] Assuming drive cache: write through
[    5.342662] sd 2:0:1:0: [sdb] Write Protect is off
[    5.347075] sd 2:0:1:0: [sdb] Incomplete mode parameter data
[    5.352137]  sda: sda1
[    5.354613] sd 2:0:0:0: [sda] Attached SCSI disk
[    5.361742] sd 2:0:1:0: [sdb] Assuming drive cache: write through
[    5.381920] sd 2:0:1:0: [sdb] Attached SCSI disk
Begin: Loading essential drivers ... [    7.474537] md: linear personality registered for level -1
[    7.487584] md: multipath personality registered for level -4
[    7.506628] md: raid0 personality registered for level 0
[    7.538159] md: raid1 personality registered for level 1
[    8.000242] raid6: sse2x1   gen() 53739 MB/s
[    9.016466] raid6: sse2x1   xor() 95825 MB/s
[   11.009420] raid6: sse2x2   gen() 155125 MB/s
[   13.011946] raid6: sse2x2   xor() 101992 MB/s
[   13.088668] raid6: sse2x4   gen()  6831 MB/s
[   13.162272] raid6: sse2x4   xor()  7608 MB/s
[   13.168199] raid6: using algorithm sse2x2 gen() 155125 MB/s
[   13.174463] raid6: .... xor() 101992 MB/s, rmw enabled
[   13.180061] raid6: using ssse3x2 recovery algorithm
[   13.194382] xor: measuring software checksum speed
[   13.236823]    prefetch64-sse: 13920.000 MB/sec
[   13.280213]    generic_sse: 13806.000 MB/sec
[   13.284870] xor: using function: prefetch64-sse (13920.000 MB/sec)
[   13.294860] async_tx: api initialized (async)
[   13.354594] md: raid6 personality registered for level 6
[   13.360247] md: raid5 personality registered for level 5
[   13.365790] md: raid4 personality registered for level 4
[   13.406060] md: raid10 personality registered for level 10
done.
Begin: Running /scripts/init-premount ... done.
Begin: Mounting root file system ... Begin: Running /scripts/local-top ... done.
Begin: Running /scripts/local-premount ... [   13.504154] Btrfs loaded
Scanning for Btrfs filesystems
done.
Warning: fsck not present, so skipping root file system
[   13.586624] EXT4-fs (sda1): mounted filesystem with ordered data mode. Opts: (null)
done.
Begin: Running /scripts/local-bottom ... done.
Begin: Running /scripts/init-bottom ... done.
[   13.865500] systemd[1]: systemd 229 running in system mode. (+PAM +AUDIT +SELINUX +IMA +APPARMOR +SMACK +SYSVINIT +UTMP +LIBCRYPTSETUP +GCRYPT +GNUTLS +ACL +XZ -LZ4 +SECCOMP +BLKID +ELFUTILS +KMOD -IDN)
[   13.880185] systemd[1]: Detected virtualization oracle.
[   13.884004] systemd[1]: Detected architecture x86-64.

Welcome to [1mUbuntu 16.04.6 LTS[0m!

[   13.898559] systemd[1]: Set hostname to <ubuntu>.
[   13.921462] systemd[1]: Initializing machine ID from random generator.
[   13.927213] systemd[1]: Installed transient /etc/machine-id file.
[   14.290234] systemd[1]: Listening on LVM2 poll daemon socket.
[[0;32m  OK  [0m] Listening on LVM2 poll daemon socket.
[   14.302101] systemd[1]: Started Forward Password Requests to Wall Directory Watch.
[[0;32m  OK  [0m] Started Forward Password Requests to Wall Directory Watch.
[   14.314169] systemd[1]: Reached target Swap.
[[0;32m  OK  [0m] Reached target Swap.
[   14.322820] systemd[1]: Reached target System Time Synchronized.
[[0;32m  OK  [0m] Reached target System Time Synchronized.
[   14.331384] systemd[1]: Listening on Journal Socket (/dev/log).
[[0;32m  OK  [0m] Listening on Journal Socket (/dev/log).
[   14.342128] systemd[1]: Reached target Encrypted Volumes.
[[0;32m  OK  [0m] Reached target Encrypted Volumes.
[   14.352279] systemd[1]: Created slice User and Session Slice.
[[0;32m  OK  [0m] Created slice User and Session Slice.
[   14.364293] systemd[1]: Created slice System Slice.
[[0;32m  OK  [0m] Created slice System Slice.
[   14.375111] systemd[1]: Created slice system-serial\x2dgetty.slice.
[[0;32m  OK  [0m] Created slice system-serial\x2dgetty.slice.
[   14.391270] systemd[1]: Reached target User and Group Name Lookups.
[[0;32m  OK  [0m] Reached target User and Group Name Lookups.
[   14.405003] systemd[1]: Listening on Journal Audit Socket.
[[0;32m  OK  [0m] Listening on Journal Audit Socket.
[   14.417185] systemd[1]: Listening on udev Control Socket.
[[0;32m  OK  [0m] Listening on udev Control Socket.
[   14.431961] systemd[1]: Set up automount Arbitrary Executable File Formats File System Automount Point.
[[0;32m  OK  [0m] Set up automount Arbitrary Executab...ats File System Automount Point.
[   14.452250] systemd[1]: Listening on udev Kernel Socket.
[[0;32m  OK  [0m] Listening on udev Kernel Socket.
[   14.463333] systemd[1]: Started Trigger resolvconf update for networkd DNS.
[[0;32m  OK  [0m] Started Trigger resolvconf update for networkd DNS.
[   14.475987] systemd[1]: Listening on LVM2 metadata daemon socket.
[[0;32m  OK  [0m] Listening on LVM2 metadata daemon socket.
[   14.489592] systemd[1]: Reached target Slices.
[[0;32m  OK  [0m] Reached target Slices.
[   14.497206] systemd[1]: Listening on Device-mapper event daemon FIFOs.
[[0;32m  OK  [0m] Listening on Device-mapper event daemon FIFOs.
[   14.508799] systemd[1]: Listening on Journal Socket.
[[0;32m  OK  [0m] Listening on Journal Socket.
[   14.528839] systemd[1]: Mounting Debug File System...
         Mounting Debug File System...
[   14.544249] systemd[1]: Starting Remount Root and Kernel File Systems...
         Starting Remount Root and Kernel File Systems...
[   14.562091] EXT4-fs (sda1): re-mounted. Opts: (null)
[   14.562980] systemd[1]: Starting Nameserver information manager...
         Starting Nameserver information manager...
[   14.586563] systemd[1]: Starting Monitoring of LVM2 mirrors, snapshots etc. using dmeventd or progress polling...
         Starting Monitoring of LVM2 mirrors... dmeventd or progress polling...
[   14.618767] systemd[1]: Starting Create list of required static device nodes for the current kernel...
         Starting Create list of required st... nodes for the current kernel...
[   14.644725] systemd[1]: Mounting Huge Pages File System...
         Mounting Huge Pages File System...
[   14.661087] systemd[1]: Starting Uncomplicated firewall...
         Starting Uncomplicated firewall...
[   14.675770] systemd[1]: Mounting POSIX Message Queue File System...
         Mounting POSIX Message Queue File System...
[   14.694932] systemd[1]: Starting Load Kernel Modules...
         Starting Load Kernel Modules...
[   14.708776] systemd[1]: Listening on Syslog Socket.
[[0;32m  OK  [0m] Listening on Syslog Socket.
[   14.724080] systemd[1]: Starting Journal Service...
         Starting Journal Service...
[   14.739454] Loading iSCSI transport class v2.0-870.
[   14.744612] systemd[1]: Listening on /dev/initctl Compatibility Named Pipe.
[[0;32m  OK  [0m] Listening on /dev/initctl Compatibility Named Pipe.
[   14.773871] systemd[1]: Starting Set console keymap...
         Starting Set console keymap...
[   14.808012] systemd[1]: Mounted Huge Pages File System.
[   14.808842] iscsi: registered transport (tcp)
[[0;32m  OK  [0m] Mounted Huge Pages File System.
[   14.837472] systemd[1]: Mounted Debug File System.
[[0;32m  OK  [0m] Mounted Debug File System.
[   14.851433] systemd[1]: Mounted POSIX Message Queue File System.
[[0;32m  OK  [0m] Mounted POSIX Message Queue File System.
[   14.869767] systemd[1]: Started Remount Root and Kernel File Systems.
[[0;32m  OK  [0m] Started Remount Root and Kernel File Systems.
[   14.898202] systemd[1]: Started Create list of required static device nodes for the current kernel.
[[0;32m  OK  [0m] Started Create list of required sta...ce nodes for the current kernel.
[   14.931665] systemd[1]: Started Uncomplicated firewall.
[[0;32m  OK  [0m] Started Uncomplicated firewall.
[   14.958462] systemd[1]: Started Set console keymap.
[[0;32m  OK  [0m] Started Set console keymap.
[   14.981390] random: nonblocking pool is initialized
[   14.989091] systemd[1]: Started Nameserver information manager.
[[0;32m  OK  [0m] Started Nameserver information manager.
[   15.015395] iscsi: registered transport (iser)
[   15.016438] systemd[1]: Started Journal Service.
[[0;32m  OK  [0m] Started Journal Service.
[[0;32m  OK  [0m] Started Load Kernel Modules.
[[0;32m  OK  [0m] Started LVM2 metadata daemon.
         Starting Apply Kernel Variables...
         Mounting FUSE Control File System...
         Starting Create Static Device Nodes in /dev...
         Starting Flush Journal to Persistent Storage...
         Starting udev Coldplug all Devices...
         Starting Load/Save Random Seed...
[[0;32m  OK  [0m] Mounted FUSE Control File System.
[[0;32m  OK  [0m] Started Load/Save Random Seed.
[   15.156844] systemd-journald[380]: Received request to flush runtime journal from PID 1
[[0;32m  OK  [0m] Started Apply Kernel Variables.
[[0;32m  OK  [0m] Started Flush Journal to Persistent Storage.
[[0;32m  OK  [0m] Started Create Static Device Nodes in /dev.
         Starting udev Kernel Device Manager...
[[0;32m  OK  [0m] Started udev Kernel Device Manager.
[[0;32m  OK  [0m] Started udev Coldplug all Devices.
[[0;32m  OK  [0m] Started Dispatch Password Requests to Console Directory Watch.
[[0;32m  OK  [0m] Started Monitoring of LVM2 mirrors,...ng dmeventd or progress polling.
[[0;32m  OK  [0m] Reached target Local File Systems (Pre).
[[0;32m  OK  [0m] Reached target Local File Systems.
         Starting Initial cloud-init job (pre-networking)...
         Starting LSB: AppArmor initialization...
         Starting Create Volatile Files and Directories...
         Starting Set console font and keymap...
         Starting Commit a transient machine-id on disk...
         Starting Tell Plymouth To Write Out Runtime Data...
[[0;32m  OK  [0m] Started Tell Plymouth To Write Out Runtime Data.
[[0;32m  OK  [0m] Started Commit a transient machine-id on disk.
[[0;32m  OK  [0m] Started Create Volatile Files and Directories.
         Starting Update UTMP about System Boot/Shutdown...
[[0;32m  OK  [0m] Started Update UTMP about System Boot/Shutdown.
[[0;32m  OK  [0m] Found device /dev/ttyS0.
[[0;32m  OK  [0m] Listening on Load/Save RF Kill Switch Status /dev/rfkill Watch.
[[0;32m  OK  [0m] Started LSB: AppArmor initialization.
[   18.749357] cloud-init[466]: Cloud-init v. 19.4-33-gbb4131a2-0ubuntu1~16.04.1 running 'init-local' at Sun, 05 Jul 2020 08:40:11 +0000. Up 17.84 seconds.
[[0;32m  OK  [0m] Started Initial cloud-init job (pre-networking).
[[0;32m  OK  [0m] Reached target Network (Pre).
         Starting Raise network interfaces...
[[0;32m  OK  [0m] Started Set console font and keymap.
[[0;32m  OK  [0m] Created slice system-getty.slice.
[[0;32m  OK  [0m] Started Raise network interfaces.
[[0;32m  OK  [0m] Reached target Network.
         Starting Initial cloud-init job (metadata service crawler)...
[   21.883574] cloud-init[932]: Cloud-init v. 19.4-33-gbb4131a2-0ubuntu1~16.04.1 running 'init' at Sun, 05 Jul 2020 08:40:14 +0000. Up 21.03 seconds.
[   21.893307] cloud-init[932]: ci-info: ++++++++++++++++++++++++++++++++++++++Net device info++++++++++++++++++++++++++++++++++++++
[   21.902532] cloud-init[932]: ci-info: +--------+------+----------------------------+---------------+--------+-------------------+
[   21.913535] cloud-init[932]: ci-info: | Device |  Up  |          Address           |      Mask     | Scope  |     Hw-Address    |
[   21.925522] cloud-init[932]: ci-info: +--------+------+----------------------------+---------------+--------+-------------------+
[   21.935511] cloud-init[932]: ci-info: | enp0s3 | True |         10.0.2.15          | 255.255.255.0 | global | 02:7c:66:aa:a6:59 |
[   21.943885] cloud-init[932]: ci-info: | enp0s3 | True | fe80::7c:66ff:feaa:a659/64 |       .       |  link  | 02:7c:66:aa:a6:59 |
[   21.951654] cloud-init[932]: ci-info: |   lo   | True |         127.0.0.1          |   255.0.0.0   |  host  |         .         |
[   21.958463] cloud-init[932]: ci-info: |   lo   | True |          ::1/128           |       .       |  host  |         .         |
[   21.966850] cloud-init[932]: ci-info: +--------+------+----------------------------+---------------+--------+-------------------+
[   21.976821] cloud-init[932]: ci-info: +++++++++++++++++++++++++++Route IPv4 info++++++++++++++++++++++++++++
[   21.983037] cloud-init[932]: ci-info: +-------+-------------+----------+---------------+-----------+-------+
[   21.989005] cloud-init[932]: ci-info: | Route | Destination | Gateway  |    Genmask    | Interface | Flags |
[   21.994996] cloud-init[932]: ci-info: +-------+-------------+----------+---------------+-----------+-------+
[   22.004946] cloud-init[932]: ci-info: |   0   |   0.0.0.0   | 10.0.2.2 |    0.0.0.0    |   enp0s3  |   UG  |
[   22.012365] cloud-init[932]: ci-info: |   1   |   10.0.2.0  | 0.0.0.0  | 255.255.255.0 |   enp0s3  |   U   |
[   22.019106] cloud-init[932]: ci-info: +-------+-------------+----------+---------------+-----------+-------+
[   22.028590] cloud-init[932]: ci-info: +++++++++++++++++++Route IPv6 info+++++++++++++++++++
[   22.043016] cloud-init[932]: ci-info: +-------+-------------+---------+-----------+-------+
[   22.055372] cloud-init[932]: ci-info: | Route | Destination | Gateway | Interface | Flags |
[   22.075665] cloud-init[932]: ci-info: +-------+-------------+---------+-----------+-------+
[   22.086368] cloud-init[932]: ci-info: |   0   |  fe80::/64  |    ::   |   enp0s3  |   U   |
[   22.096749] cloud-init[932]: ci-info: |   3   |   ff00::/8  |    ::   |   enp0s3  |   U   |
[   22.108939] cloud-init[932]: ci-info: +-------+-------------+---------+-----------+-------+
[   22.118424] cloud-init[932]: Generating public/private rsa key pair.
[   22.125261] cloud-init[932]: Your identification has been saved in /etc/ssh/ssh_host_rsa_key.
[   22.131038] cloud-init[932]: Your public key has been saved in /etc/ssh/ssh_host_rsa_key.pub.
[   22.137111] cloud-init[932]: The key fingerprint is:
[   22.143701] cloud-init[932]: SHA256:I+z66KvcOMoqjk6FeNooXX1hYnb0xJBzgHNa66E/7Yo root@ubuntu-xenial
[   22.150235] cloud-init[932]: The key's randomart image is:
[   22.154830] cloud-init[932]: +---[RSA 2048]----+
[   22.159049] cloud-init[932]: |       .+=.      |
[   22.163952] cloud-init[932]: |      o.=oo      |
[   22.166898] cloud-init[932]: |      +=++.      |
[   22.170632] cloud-init[932]: |. .  =.+o.       |
[   22.174244] cloud-init[932]: |..... +oS.       |
[   22.177779] cloud-init[932]: | *.. ..o..       |
[   22.182485] cloud-init[932]: |+.o   .. .       |
[   22.188205] cloud-init[932]: |*..o o .o .      |
[   22.193844] cloud-init[932]: |O=++*oE .+.      |
[   22.198333] cloud-init[932]: +----[SHA256]-----+
[   22.204864] cloud-init[932]: Generating public/private dsa key pair.
[   22.212181] cloud-init[932]: Your identification has been saved in /etc/ssh/ssh_host_dsa_key.
[   22.213203] cloud-init[932]: Your public key has been saved in /etc/ssh/ssh_host_dsa_key.pub.
[   22.213819] cloud-init[932]: The key fingerprint is:
[   22.214139] cloud-init[932]: SHA256:Vb+HfpSGBrrBiJwdfB76Kfy5JmqywPNODKTwZ1mHQJk root@ubuntu-xenial
[   22.214455] cloud-init[932]: The key's randomart image is:
[   22.215291] cloud-init[932]: +---[DSA 1024]----+
[   22.215852] cloud-init[932]: |   .oo      .    |
[   22.216701] cloud-init[932]: |    E...   . .   |
[   22.217168] cloud-init[932]: |..    oo.o..  .  |
[   22.217620] cloud-init[932]: |+.  .o+.B.o . .o.|
[   22.218204] cloud-init[932]: |... ++ +S=   oooo|
[   22.218626] cloud-init[932]: |. oo  . . + ...o |
[   22.219264] cloud-init[932]: | + o   o +    . .|
[   22.219873] cloud-init[932]: |  =. . .o..    . |
[   22.223221] cloud-init[932]: |  .++.. o+.      |
[   22.224342] cloud-init[932]: +----[SHA256]-----+
[   22.224936] cloud-init[932]: Generating public/private ecdsa key pair.
[   22.229327] cloud-init[932]: Your identification has been saved in /etc/ssh/ssh_host_ecdsa_key.
[   22.229641] cloud-init[932]: Your public key has been saved in /etc/ssh/ssh_host_ecdsa_key.pub.
[   22.231010] cloud-init[932]: The key fingerprint is:
[   22.233070] cloud-init[932]: SHA256:QRMrux/hPxJOSR7b43MrCr/1WSrXkpvEtdDzUeNfJhY root@ubuntu-xenial
[   22.233519] cloud-init[932]: The key's randomart image is:
[   22.234051] cloud-init[932]: +---[ECDSA 256]---+
[   22.234520] cloud-init[932]: |        +.       |
[   22.235161] cloud-init[932]: |       . o       |
[   22.235599] cloud-init[932]: |      . o     E..|
[   22.236310] cloud-init[932]: |       oo.   ...o|
[   22.236685] cloud-init[932]: |      .oS=  . *oo|
[   22.237058] cloud-init[932]: |       o*.o. + *+|
[   22.237446] cloud-init[932]: |      oooo..ooo o|
[   22.237869] cloud-init[932]: |       +o+*o==.  |
[   22.238327] cloud-init[932]: |        =+.BB+   |
[   22.238853] cloud-init[932]: +----[SHA256]-----+
[   22.239207] cloud-init[932]: Generating public/private ed25519 key pair.
[   22.239762] cloud-init[932]: Your identification has been saved in /etc/ssh/ssh_host_ed25519_key.
[   22.240955] cloud-init[932]: Your public key has been saved in /etc/ssh/ssh_host_ed25519_key.pub.
[   22.241470] cloud-init[932]: The key fingerprint is:
[   22.242090] cloud-init[932]: SHA256:yrUkXn1qaClln2Ip7fJcvRRKCP5/6MCa06LxUvgBCfQ root@ubuntu-xenial
[   22.242492] cloud-init[932]: The key's randomart image is:
[   22.242882] cloud-init[932]: +--[ED25519 256]--+
[   22.243346] cloud-init[932]: | ..              |
[   22.243819] cloud-init[932]: |  ..             |
[   22.244673] cloud-init[932]: |   .E..          |
[   22.245101] cloud-init[932]: |    o. . o       |
[   22.245494] cloud-init[932]: |     oo S o o    |
[   22.245866] cloud-init[932]: |    .oo% B * .   |
[   22.246258] cloud-init[932]: |    .o*o& B.o    |
[   22.246763] cloud-init[932]: |    .o=X.*....   |
[   22.247184] cloud-init[932]: |    .o+=+.o..    |
[   22.247936] cloud-init[932]: +----[SHA256]-----+
[[0;32m  OK  [0m] Started Initial cloud-init job (metadata service crawler).
[[0;32m  OK  [0m] Reached target System Initialization.
[[0;32m  OK  [0m] Listening on ACPID Listen Socket.
[[0;32m  OK  [0m] Started Daily Cleanup of Temporary Directories.
[[0;32m  OK  [0m] Started ACPI Events Check.
[[0;32m  OK  [0m] Reached target Paths.
[[0;32m  OK  [0m] Started Message of the Day.
[[0;32m  OK  [0m] Started Daily apt download activities.
[[0;32m  OK  [0m] Started Daily apt upgrade and clean activities.
         Starting LXD - unix socket.
         Starting Socket activation for snappy daemon.
[[0;32m  OK  [0m] Listening on D-Bus System Message Bus Socket.
[[0;32m  OK  [0m] Listening on UUID daemon activation socket.
[[0;32m  OK  [0m] Reached target Timers.
[[0;32m  OK  [0m] Reached target Cloud-config availability.
[[0;32m  OK  [0m] Reached target Network is Online.
         Starting iSCSI initiator daemon (iscsid)...
[[0;32m  OK  [0m] Listening on LXD - unix socket.
[[0;32m  OK  [0m] Listening on Socket activation for snappy daemon.
[[0;32m  OK  [0m] Reached target Sockets.
[[0;32m  OK  [0m] Reached target Basic System.
[[0;32m  OK  [0m] Started FUSE filesystem for LXC.
         Starting System Logging Service...
[[0;32m  OK  [0m] Started D-Bus System Message Bus.
         Starting Login Service...
         Starting LSB: Record successful boot for GRUB...
[[0;32m  OK  [0m] Started ACPI event daemon.
         Starting Virtualbox guest utils...
[[0;32m  OK  [0m] Started Regular background program processing daemon.
         Starting Accounts Service...
         Starting LXD - container startup/shutdown...
[[0;32m  OK  [0m] Started Deferred execution scheduler.
         Starting Pollinate to seed the pseudo random number generator...
         Starting Snappy daemon...
         Starting LSB: MD monitoring daemon...
         Starting /etc/rc.local Compatibility...
[[0;32m  OK  [0m] Started System Logging Service.
[[0;32m  OK  [0m] Started iSCSI initiator daemon (iscsid).
[[0;32m  OK  [0m] Started /etc/rc.local Compatibility.
         Starting Login to default iSCSI targets...
[[0;32m  OK  [0m] Started Login Service.
[[0;32m  OK  [0m] Started Unattended Upgrades Shutdown.
[[0;32m  OK  [0m] Started LSB: Record successful boot for GRUB.
[[0;32m  OK  [0m] Started LSB: MD monitoring daemon.
         Starting Authenticate and Authorize Users to Run Privileged Tasks...
[[0;32m  OK  [0m] Started Login to default iSCSI targets.
[[0;32m  OK  [0m] Reached target Remote File Systems (Pre).
[[0;32m  OK  [0m] Reached target Remote File Systems.
         Starting LSB: daemon to balance interrupts for SMP systems...
         Starting Permit User Sessions...
         Starting LSB: automatic crash report generation...
         Starting LSB: Set the CPU Frequency Scaling governor to "ondemand"...
[[0;32m  OK  [0m] Started Permit User Sessions.
         Starting Hold until boot process finishes up...
         Starting Terminate Plymouth Boot Screen...
[[0;32m  OK  [0m] Started Hold until boot process finishes up.
[[0;32m  OK  [0m] Started Terminate Plymouth Boot Screen.
[[0;32m  OK  [0m] Started Serial Getty on ttyS0.
[[0;32m  OK  [0m] Started Getty on tty1.
[[0;32m  OK  [0m] Reached target Login Prompts.
         Starting Set console scheme...
[[0;32m  OK  [0m] Started Set console scheme.
[[0;32m  OK  [0m] Started LXD - container startup/shutdown.
[[0;32m  OK  [0m] Started LSB: daemon to balance interrupts for SMP systems.
[[0;32m  OK  [0m] Started LSB: Set the CPU Frequency Scaling governor to "ondemand".
[[0;32m  OK  [0m] Started Authenticate and Authorize Users to Run Privileged Tasks.
[[0;32m  OK  [0m] Started Accounts Service.
[[0;32m  OK  [0m] Started LSB: automatic crash report generation.
[[0;32m  OK  [0m] Started Virtualbox guest utils.
[[0;32m  OK  [0m] Started Snappy daemon.
         Starting Wait until snapd is fully seeded...
[[0;32m  OK  [0m] Started Pollinate to seed the pseudo random number generator.
         Starting OpenBSD Secure Shell server...
[[0;32m  OK  [0m] Started OpenBSD Secure Shell server.
[[0;32m  OK  [0m] Created slice User Slice of vagrant.
         Starting User Manager for UID 1000...
[[0;32m  OK  [0m] Started Session 1 of user vagrant.
[[0;32m  OK  [0m] Started User Manager for UID 1000.
[[0;32m  OK  [0m] Started Wait until snapd is fully seeded.
         Starting Apply the settings specified in cloud-config...
[[0;32m  OK  [0m] Reached target Multi-User System.
[[0;32m  OK  [0m] Reached target Graphical Interface.
         Starting Update UTMP about System Runlevel Changes...
[[0;32m  OK  [0m] Started Update UTMP about System Runlevel Changes.
[   27.095920] cloud-init[1355]: Generating locales (this might take a while)...
[   29.207284] cloud-init[1355]:   en_US.UTF-8... done
[   29.214153] cloud-init[1355]: Generation complete.

Ubuntu 16.04.6 LTS ubuntu-xenial ttyS0

ubuntu-xenial login: [   29.772884] cloud-init[1355]: Cloud-init v. 19.4-33-gbb4131a2-0ubuntu1~16.04.1 running 'modules:config' at Sun, 05 Jul 2020 08:40:20 +0000. Up 26.81 seconds.
ci-info: no authorized SSH keys fingerprints found for user ubuntu.
<14>Jul  5 08:40:24 ec2: 
<14>Jul  5 08:40:24 ec2: #############################################################
<14>Jul  5 08:40:24 ec2: -----BEGIN SSH HOST KEY FINGERPRINTS-----
<14>Jul  5 08:40:24 ec2: 1024 SHA256:Vb+HfpSGBrrBiJwdfB76Kfy5JmqywPNODKTwZ1mHQJk root@ubuntu-xenial (DSA)
<14>Jul  5 08:40:24 ec2: 256 SHA256:QRMrux/hPxJOSR7b43MrCr/1WSrXkpvEtdDzUeNfJhY root@ubuntu-xenial (ECDSA)
<14>Jul  5 08:40:24 ec2: 256 SHA256:yrUkXn1qaClln2Ip7fJcvRRKCP5/6MCa06LxUvgBCfQ root@ubuntu-xenial (ED25519)
<14>Jul  5 08:40:24 ec2: 2048 SHA256:I+z66KvcOMoqjk6FeNooXX1hYnb0xJBzgHNa66E/7Yo root@ubuntu-xenial (RSA)
<14>Jul  5 08:40:24 ec2: -----END SSH HOST KEY FINGERPRINTS-----
<14>Jul  5 08:40:24 ec2: #############################################################
-----BEGIN SSH HOST KEY KEYS-----
ecdsa-sha2-nistp256 AAAAE2VjZHNhLXNoYTItbmlzdHAyNTYAAAAIbmlzdHAyNTYAAABBBHhkaAoQKZ48+3fB0uE3LBKEa8rl0cU4R/YD2NMnhke9jAEXDZjSA+fPIm46z2M8j7FEGrt0u03sprofjcjuRFI= root@ubuntu-xenial
ssh-ed25519 AAAAC3NzaC1lZDI1NTE5AAAAIJ/L0DYFVjxt4Cn/NaT1jhmPg2/025cb49K9aFsoMtBB root@ubuntu-xenial
ssh-rsa AAAAB3NzaC1yc2EAAAADAQABAAABAQDCOiMhD4Oyj3/qB1o09mWrdJziDZl4j2u5SsYjr60+eYSblC1h5zMUNYfPEcWma9L3o662tPZ/5fXAxT7ueFPLQmOR/xw6AjZv9sMimKvB9wWDVpp0WcmInBBi4GeuX/lqi4B19zDMx5yM8Qo5/8jn/DT+9NDICqdwpHq7BHmN7yWOSOmaPy4yIsS8MGW2bcJqBEF9ecLaaD7uJh+9Ad04ESjktMxTMl/BOnsCWZBkhX18LvvmxEFZrXsKCoiA6K1UpJM1XbtRKFWZm9eZTIkJ0EX95IuK/Gh9VupUcTXrW8q28V+w28OFN4nblcsu/de+gjiuIffN8WL4i/Sv39i1 root@ubuntu-xenial
-----END SSH HOST KEY KEYS-----
[   30.723228] cloud-init[1542]: Cloud-init v. 19.4-33-gbb4131a2-0ubuntu1~16.04.1 running 'modules:final' at Sun, 05 Jul 2020 08:40:24 +0000. Up 30.46 seconds.
[   30.734734] cloud-init[1542]: ci-info: no authorized SSH keys fingerprints found for user ubuntu.
[   30.742055] cloud-init[1542]: Cloud-init v. 19.4-33-gbb4131a2-0ubuntu1~16.04.1 finished at Sun, 05 Jul 2020 08:40:24 +0000. Datasource DataSourceNoCloud [seed=/dev/sdb][dsmode=net].  Up 30.68 seconds
